<?xml version="1.0" encoding="UTF-8"?>
<testsuite name="com.anita.GraphqplApplicationTests" tests="1" skipped="0" failures="0" errors="0" timestamp="2025-10-31T13:21:48" hostname="CM-ARM-06-L" time="0.005">
  <properties/>
  <testcase name="contextLoads()" classname="com.anita.GraphqplApplicationTests" time="0.005"/>
  <system-out><![CDATA[2025-10-31T17:21:47.488+04:00  INFO 56609 --- [graphqpl] [    Test worker] t.c.s.AnnotationConfigContextLoaderUtils : Could not detect default configuration classes for test class [com.anita.GraphqplApplicationTests]: GraphqplApplicationTests does not declare any static, non-private, non-final, nested classes annotated with @Configuration.
2025-10-31T17:21:47.491+04:00  INFO 56609 --- [graphqpl] [    Test worker] .b.t.c.SpringBootTestContextBootstrapper : Found @SpringBootConfiguration com.anita.GraphQLApplication for test class com.anita.GraphqplApplicationTests

  .   ____          _            __ _ _
 /\\ / ___'_ __ _ _(_)_ __  __ _ \ \ \ \
( ( )\___ | '_ | '_| | '_ \/ _` | \ \ \ \
 \\/  ___)| |_)| | | | | || (_| |  ) ) ) )
  '  |____| .__|_| |_|_| |_\__, | / / / /
 =========|_|==============|___/=/_/_/_/
 :: Spring Boot ::                (v3.2.5)

2025-10-31T17:21:47.524+04:00  INFO 56609 --- [graphqpl] [    Test worker] com.anita.GraphqplApplicationTests       : Starting GraphqplApplicationTests using Java 17.0.16 with PID 56609 (started by cm-arm-06-l in /home/cm-arm-06-l/spring-boot-graphql)
2025-10-31T17:21:47.524+04:00  INFO 56609 --- [graphqpl] [    Test worker] com.anita.GraphqplApplicationTests       : No active profile set, falling back to 1 default profile: "default"
2025-10-31T17:21:48.185+04:00  INFO 56609 --- [graphqpl] [    Test worker] efaultSchemaResourceGraphQlSourceBuilder : Loaded 1 resource(s) in the GraphQL schema.
2025-10-31T17:21:48.196+04:00  INFO 56609 --- [graphqpl] [    Test worker] o.s.b.a.g.GraphQlAutoConfiguration       : GraphQL schema inspection:
	Unmapped fields: {}
	Unmapped registrations: {}
	Skipped types: []
2025-10-31T17:21:48.203+04:00  INFO 56609 --- [graphqpl] [    Test worker] s.b.a.g.s.GraphQlWebMvcAutoConfiguration : GraphQL endpoint HTTP POST /graphql
2025-10-31T17:21:48.289+04:00  INFO 56609 --- [graphqpl] [    Test worker] com.anita.GraphqplApplicationTests       : Started GraphqplApplicationTests in 0.789 seconds (process running for 2.974)
]]></system-out>
  <system-err><![CDATA[]]></system-err>
</testsuite>
