<?xml version="1.0" encoding="UTF-8"?>
<testsuite name="com.anita.BookControllerTest" tests="1" skipped="0" failures="0" errors="0" timestamp="2025-10-31T13:21:46" hostname="CM-ARM-06-L" time="0.629">
  <properties/>
  <testcase name="canGetBooks()" classname="com.anita.BookControllerTest" time="0.629"/>
  <system-out><![CDATA[17:21:45.891 [Test worker] INFO org.springframework.test.context.support.AnnotationConfigContextLoaderUtils -- Could not detect default configuration classes for test class [com.anita.BookControllerTest]: BookControllerTest does not declare any static, non-private, non-final, nested classes annotated with @Configuration.
17:21:45.987 [Test worker] INFO org.springframework.boot.test.context.SpringBootTestContextBootstrapper -- Found @SpringBootConfiguration com.anita.GraphQLApplication for test class com.anita.BookControllerTest

  .   ____          _            __ _ _
 /\\ / ___'_ __ _ _(_)_ __  __ _ \ \ \ \
( ( )\___ | '_ | '_| | '_ \/ _` | \ \ \ \
 \\/  ___)| |_)| | | | | || (_| |  ) ) ) )
  '  |____| .__|_| |_|_| |_\__, | / / / /
 =========|_|==============|___/=/_/_/_/
 :: Spring Boot ::                (v3.2.5)

2025-10-31T17:21:46.237+04:00  INFO 56609 --- [graphqpl] [    Test worker] com.anita.BookControllerTest             : Starting BookControllerTest using Java 17.0.16 with PID 56609 (started by cm-arm-06-l in /home/cm-arm-06-l/spring-boot-graphql)
2025-10-31T17:21:46.238+04:00  INFO 56609 --- [graphqpl] [    Test worker] com.anita.BookControllerTest             : No active profile set, falling back to 1 default profile: "default"
2025-10-31T17:21:46.634+04:00  INFO 56609 --- [graphqpl] [    Test worker] efaultSchemaResourceGraphQlSourceBuilder : Loaded 1 resource(s) in the GraphQL schema.
2025-10-31T17:21:46.798+04:00  INFO 56609 --- [graphqpl] [    Test worker] o.s.b.a.g.GraphQlAutoConfiguration       : GraphQL schema inspection:
	Unmapped fields: {}
	Unmapped registrations: {}
	Skipped types: []
2025-10-31T17:21:46.848+04:00  INFO 56609 --- [graphqpl] [    Test worker] com.anita.BookControllerTest             : Started BookControllerTest in 0.815 seconds (process running for 1.533)
]]></system-out>
  <system-err><![CDATA[]]></system-err>
</testsuite>
